


--------------------------------------
DOCK v6.12

Released September 2024
Copyright UCSF
--------------------------------------


Conformational Sampling Parameters
------------------------------------------------------------------------------------------
conformer_search_type                                        rigid

Internal Energy Parameters
------------------------------------------------------------------------------------------
use_internal_energy                                          no

Molecule Library Input Parameters
------------------------------------------------------------------------------------------
ligand_atom_file                                             ../1_struct/lig_charged.mol2
limit_max_ligands                                            no
skip_molecule                                                no
read_mol_solvation                                           no
calculate_rmsd                                               no

Database Filter Parameters
------------------------------------------------------------------------------------------
use_database_filter                                          no

Orient Ligand Parameters
------------------------------------------------------------------------------------------
orient_ligand                                                no

Bump Filter Parameters
------------------------------------------------------------------------------------------
bump_filter                                                  no

Master Score Parameters
------------------------------------------------------------------------------------------
score_molecules                                              yes

Contact Score Parameters
------------------------------------------------------------------------------------------
contact_score_primary                                        no

Grid Score Parameters
------------------------------------------------------------------------------------------
grid_score_primary                                           no

GIST Score Parameters
------------------------------------------------------------------------------------------
gist_score_primary                                           no

MultiGrid Score Parameters
------------------------------------------------------------------------------------------
multigrid_score_primary                                      no

Dock3.5 Score Parameters
------------------------------------------------------------------------------------------
dock3.5_score_primary                                        no

Continuous Energy Score Parameters
------------------------------------------------------------------------------------------
continuous_score_primary                                     no

Footprint Similarity Score Parameters
------------------------------------------------------------------------------------------
footprint_similarity_score_primary                           no

Pharmacophore Similarity Score Parameters
------------------------------------------------------------------------------------------
pharmacophore_score_primary                                  no

Hbond Energy Score Parameters
------------------------------------------------------------------------------------------
hbond_score_primary                                          no

Internal Energy Score Parameters
------------------------------------------------------------------------------------------
internal_energy_score_primary                                no

Descriptor Score Parameters
------------------------------------------------------------------------------------------
descriptor_score_primary                                     no

Zou GB/SA Score Parameters
------------------------------------------------------------------------------------------
gbsa_zou_score_primary                                       yes
gbsa_zou_gb_grid_prefix                                      ../3_grid/nchemgrid_GB/gbsa_zou_grid
gbsa_zou_sa_grid_prefix                                      ../3_grid/nchemgrid_SA/gbsa_zou_grid
gbsa_zou_vdw_grid_prefix                                     ../3_grid/solvent_grid
gbsa_zou_screen_file                                         ../../../parameters/screen.in
gbsa_zou_solvent_dielectric                                  78.300003

Hawkins GB/SA Score Parameters
------------------------------------------------------------------------------------------

SASA Score Parameters
------------------------------------------------------------------------------------------

Amber Score Parameters
------------------------------------------------------------------------------------------

Simplex Minimization Parameters
------------------------------------------------------------------------------------------
minimize_ligand                                              no
simplex_final_min                                            no

Atom Typing Parameters
------------------------------------------------------------------------------------------
atom_model                                                   all
vdw_defn_file                                                ../../../parameters/vdw_AMBER_parm99.defn
flex_defn_file                                               ../../../parameters/flex.defn
flex_drive_file                                              ../../../parameters/flex_drive.tbl

Molecule Library Output Parameters
------------------------------------------------------------------------------------------
ligand_outfile_prefix                                        gbsa_zou
write_mol_solvation                                          no
write_orientations                                           no
num_scored_conformers                                        1
score_threshold                                              100.0
rank_ligands                                                 no
------------------------------------------------------------------------------------------
Initializing Library File Routines...

Initializing Zou GB/SA Score Routines...
Initializing Grid Score Routines...
 Reading the energy grid from ../3_grid/solvent_grid.nrg
 Done reading the energy grid.
 Reading the grid box quantifiers from ../3_grid/solvent_grid.bmp
 Done reading the grid box quantifiers.
 Reading from GB bump grid file ../3_grid/nchemgrid_GB/gbsa_zou_grid.bmp
 Done reading from GB bump grid file.
 Reading from GB receptor grid file ../3_grid/nchemgrid_GB/gbsa_zou_grid.rec
 Done reading from GB receptor grid file.
 Reading from SA bump grid file ../3_grid/nchemgrid_SA/gbsa_zou_grid.bmp
 Done reading from SA bump grid file.
 Reading from SA receptor grid file ../3_grid/nchemgrid_SA/gbsa_zou_grid.sas
 Done reading from SA receptor grid file.
 Reading from SA receptor info grid file ../3_grid/nchemgrid_SA/gbsa_zou_grid.sasmark
 Done reading from SA receptor info grid file.
Done Initializing Zou GB/SA Score Routines.

-----------------------------------
Molecule: UNNAMED

 Elapsed time for docking:	0.007 seconds

 Anchors:		1
 Orientations:		1
 Conformations:		1

                      Zou_GBSA_Score:           10.328346
                 Zou_GBSA_vdw_energy:          -10.168973
                  Zou_GBSA_gb_energy:           19.233269
                  Zou_GBSA_sa_energy:           11.087551
        Zou_GBSA_delta_SAS_hp_energy:           -9.823500


1 Molecules Processed
Total elapsed time:	0.130 seconds
Number of molecules per second:	7.710
Virtual memory used for this process: 107544 kilobytes
Physical memory used for this process: 31804 kilobytes
