


--------------------------------------
DOCK v6.10

Released January 2023
Copyright UCSF
--------------------------------------


Conformational Sampling Parameters
------------------------------------------------------------------------------------------
conformer_search_type                                        rigid

Internal Energy Parameters
------------------------------------------------------------------------------------------
use_internal_energy                                          yes
internal_energy_rep_exp                                      12
internal_energy_cutoff                                       100.0
Note: Internal energy only includes repulsive VDW for growth and/or minimization.

Molecule Library Input Parameters
------------------------------------------------------------------------------------------
ligand_atom_file                                             ../1_struct/lig_charged.mol2
limit_max_ligands                                            no
skip_molecule                                                no
read_mol_solvation                                           no
calculate_rmsd                                               no

Database Filter Parameters
------------------------------------------------------------------------------------------
use_database_filter                                          no

Orient Ligand Parameters
------------------------------------------------------------------------------------------
orient_ligand                                                yes
automated_matching                                           yes
receptor_site_file                                           ../2_site/selected_spheres.sph
max_orientations                                             1000
critical_points                                              no
chemical_matching                                            no
use_ligand_spheres                                           no

Bump Filter Parameters
------------------------------------------------------------------------------------------
bump_filter                                                  no

Master Score Parameters
------------------------------------------------------------------------------------------
score_molecules                                              yes

Contact Score Parameters
------------------------------------------------------------------------------------------
contact_score_primary                                        no

Grid Score Parameters
------------------------------------------------------------------------------------------
grid_score_primary                                           yes
grid_score_rep_rad_scale                                     1
grid_score_vdw_scale                                         1
grid_score_es_scale                                          1
grid_score_grid_prefix                                       ../3_grid/grid

MultiGrid Score Parameters
------------------------------------------------------------------------------------------

Dock3.5 Score Parameters
------------------------------------------------------------------------------------------

Continuous Energy Score Parameters
------------------------------------------------------------------------------------------

Footprint Similarity Score Parameters
------------------------------------------------------------------------------------------

Pharmacophore Similarity Score Parameters
------------------------------------------------------------------------------------------

Hbond Energy Score Parameters
------------------------------------------------------------------------------------------

Internal Energy Score Parameters
------------------------------------------------------------------------------------------

Descriptor Score Parameters
------------------------------------------------------------------------------------------

Zou GB/SA Score Parameters
------------------------------------------------------------------------------------------

Hawkins GB/SA Score Parameters
------------------------------------------------------------------------------------------

SASA Score Parameters
------------------------------------------------------------------------------------------

Amber Score Parameters
------------------------------------------------------------------------------------------

Simplex Minimization Parameters
------------------------------------------------------------------------------------------
minimize_ligand                                              yes
simplex_max_iterations                                       1000
simplex_tors_premin_iterations                               0
simplex_max_cycles                                           1
simplex_score_converge                                       0.1
simplex_cycle_converge                                       1.0
simplex_trans_step                                           1.0
simplex_rot_step                                             0.1
simplex_tors_step                                            10.0
simplex_random_seed                                          0
simplex_restraint_min                                        no

Atom Typing Parameters
------------------------------------------------------------------------------------------
atom_model                                                   all
vdw_defn_file                                                ../../../parameters/vdw_AMBER_parm99.defn
flex_defn_file                                               ../../../parameters/flex.defn
flex_drive_file                                              ../../../parameters/flex_drive.tbl

Molecule Library Output Parameters
------------------------------------------------------------------------------------------
ligand_outfile_prefix                                        rigid
write_orientations                                           no
num_scored_conformers                                        1
rank_ligands                                                 no
------------------------------------------------------------------------------------------
Initializing Library File Routines...
Initializing Orienting Routines...
Initializing Grid Score Routines...
 Reading the energy grid from ../3_grid/grid.nrg
 Done reading the energy grid.
 Reading the grid box quantifiers from ../3_grid/grid.bmp
 Done reading the grid box quantifiers.

-----------------------------------
Molecule: UNNAMED

 Elapsed time for docking:	2.457 seconds

 Anchors:		1
 Orientations:		1000
 Conformations:		1000

                          Grid_Score:          -29.553888
                     Grid_vdw_energy:          -22.534115
                      Grid_es_energy:           -7.019773
           Internal_energy_repulsive:            0.888303


1 Molecules Processed
Total elapsed time:	2.467 seconds
